Connected to MongoDB
Server listening on 5001
MongoServerError: E11000 duplicate key error collection: travel-db.trips index: name_1_startDate_1 dup key: { name: "Nme Viaggio ", startDate: new Date(1763769600000) }
    at /Users/marsi/Library/CloudStorage/OneDrive-LuxotticaGroupS.p.A/Documents/TONYZONE/TravelApp/Travel-Incentive-Admin-Dashboard/server/node_modules/mongodb/lib/operations/insert.js:50:33
    at /Users/marsi/Library/CloudStorage/OneDrive-LuxotticaGroupS.p.A/Documents/TONYZONE/TravelApp/Travel-Incentive-Admin-Dashboard/server/node_modules/mongodb/lib/operations/command.js:84:64
    at process.processTicksAndRejections (node:internal/process/task_queues:103:5) {
  index: 0,
  code: 11000,
  keyPattern: { name: 1, startDate: 1 },
  keyValue: { name: 'Nme Viaggio ', startDate: 2025-11-22T00:00:00.000Z },
  Symbol(errorLabels): Set(0) {}
}
MongoServerError: E11000 duplicate key error collection: travel-db.trips index: name_1_startDate_1 dup key: { name: "Nme Viaggio ", startDate: new Date(1763769600000) }
    at /Users/marsi/Library/CloudStorage/OneDrive-LuxotticaGroupS.p.A/Documents/TONYZONE/TravelApp/Travel-Incentive-Admin-Dashboard/server/node_modules/mongodb/lib/operations/insert.js:50:33
    at /Users/marsi/Library/CloudStorage/OneDrive-LuxotticaGroupS.p.A/Documents/TONYZONE/TravelApp/Travel-Incentive-Admin-Dashboard/server/node_modules/mongodb/lib/operations/command.js:84:64
    at process.processTicksAndRejections (node:internal/process/task_queues:103:5) {
  index: 0,
  code: 11000,
  keyPattern: { name: 1, startDate: 1 },
  keyValue: { name: 'Nme Viaggio ', startDate: 2025-11-22T00:00:00.000Z },
  Symbol(errorLabels): Set(0) {}
}
MongoServerError: E11000 duplicate key error collection: travel-db.trips index: name_1_startDate_1 dup key: { name: "Nme Viaggio ", startDate: new Date(1763769600000) }
    at /Users/marsi/Library/CloudStorage/OneDrive-LuxotticaGroupS.p.A/Documents/TONYZONE/TravelApp/Travel-Incentive-Admin-Dashboard/server/node_modules/mongodb/lib/operations/insert.js:50:33
    at /Users/marsi/Library/CloudStorage/OneDrive-LuxotticaGroupS.p.A/Documents/TONYZONE/TravelApp/Travel-Incentive-Admin-Dashboard/server/node_modules/mongodb/lib/operations/command.js:84:64
    at process.processTicksAndRejections (node:internal/process/task_queues:103:5) {
  index: 0,
  code: 11000,
  keyPattern: { name: 1, startDate: 1 },
  keyValue: { name: 'Nme Viaggio ', startDate: 2025-11-22T00:00:00.000Z },
  Symbol(errorLabels): Set(0) {}
}
